IN RULE:
punctuality(Id, VehicleType)=non_punctual iff
	not punctuality(Id, VehicleType)=punctual
ERROR: Unknown event pattern detected.
Please check your syntax.

IN RULE:
driving_style(Id, VehicleType)=unsafe iff
	sharp_turn(Id, VehicleType)=very_sharp or
	abrupt_acceleration(Id, VehicleType)=very_abrupt or
	abrupt_deceleration(Id, VehicleType)=very_abrupt
ERROR: Unknown event pattern detected.
Please check your syntax.

IN RULE:
driving_style(Id, VehicleType)=uncomfortable iff
	(sharp_turn(Id, VehicleType)=sharp,
	not(abrupt_acceleration(Id, VehicleType)=very_abrupt or abrupt_deceleration(Id, VehicleType)=very_abrupt)) or
	abrupt_acceleration(Id, VehicleType)=abrupt or
	abrupt_deceleration(Id, VehicleType)=abrupt
ERROR: Unknown event pattern detected.
Please check your syntax.

IN RULE:
driving_quality(Id, VehicleType)=low iff
	punctuality(Id, VehicleType)=non_punctual or
	driving_style(Id, VehicleType)=unsafe
ERROR: Unknown event pattern detected.
Please check your syntax.

IN RULE:
passenger_comfort(Id, VehicleType)=reducing iff
	driving_style(Id, VehicleType)=uncomfortable or
	driving_style(Id, VehicleType)=unsafe or
	passenger_density(Id, VehicleType)=high or
	noise_level(Id, VehicleType)=high or
	internal_temperature(Id, VehicleType)=very_warm or
	internal_temperature(Id, VehicleType)=very_cold
ERROR: Unknown event pattern detected.
Please check your syntax.

IN RULE:
driver_comfort(Id, VehicleType)=reducing iff
	driving_style(Id, VehicleType)=uncomfortable or
	driving_style(Id, VehicleType)=unsafe or
	noise_level(Id, VehicleType)=high or
	internal_temperature(Id, VehicleType)=very_warm or
	internal_temperature(Id, VehicleType)=very_cold
ERROR: Unknown event pattern detected.
Please check your syntax.

IN RULE:
passenger_satisfaction(Id, VehicleType)=reducing iff
	punctuality(Id, VehicleType)=non_punctual or
	passenger_comfort(Id, VehicleType)=reducing
ERROR: Unknown event pattern detected.
Please check your syntax.

